###############################################################################
#
# IAR C/C++ Compiler V10.20.1.5333 for 8051               08/Apr/2022  23:38:45
# Copyright 2004-2018 IAR Systems AB.
# PC-locked license - IAR Embedded Workbench for 8051
#
#    Core               =  plain
#    Code model         =  banked
#    Data model         =  large
#    Calling convention =  xdata reentrant
#    Constant location  =  data_rom
#    Dptr setup         =  1,16
#                          
#    Source file        =  
#        C:\Texas Instruments\David\Components\hal\target\CC2530EB\SPI\sw_spi.c
#    Command line       =  
#        -f C:\Users\icetz\AppData\Local\Temp\EWDF2F.tmp ("C:\Texas
#        Instruments\David\Components\hal\target\CC2530EB\SPI\sw_spi.c" -D
#        SECURE=1 -D TC_LINKKEY_JOIN -D NV_INIT -D NV_RESTORE -D xZTOOL_P1 -D
#        xMT_TASK -D xMT_APP_FUNC -D xMT_SYS_FUNC -D xMT_ZDO_FUNC -D
#        xMT_ZDO_MGMT -D xMT_APP_CNF_FUNC -D LCD_SUPPORTED=DEBUG -D
#        MULTICAST_ENABLED=FALSE -D ZCL_READ -D ZCL_DISCOVER -D ZCL_WRITE -D
#        ZCL_BASIC -D ZCL_IDENTIFY -D ZCL_ON_OFF -D ZCL_GROUPS -D
#        ZCL_REPORTING_DEVICE -D HAL_LED=TRUE -D HAL_KEY=TRUE -D
#        ISR_KEYINTERRUPT -D HAL_UART=TRUE -D INT_HEAP_LEN=2300 -D HAL_LCD=TRUE
#        -D xHAL_LCD_OLED12864 -D HAL_ADC=TRUE -lC "C:\Texas
#        Instruments\David\Projects\zstack\HomeAutomation\SampleSwitch\CC2530DB\EndDeviceEB\List"
#        -lA "C:\Texas
#        Instruments\David\Projects\zstack\HomeAutomation\SampleSwitch\CC2530DB\EndDeviceEB\List"
#        --diag_suppress Pe001,Pa010 -o "C:\Texas
#        Instruments\David\Projects\zstack\HomeAutomation\SampleSwitch\CC2530DB\EndDeviceEB\Obj"
#        -e --debug --core=plain --dptr=16,1 --data_model=large
#        --code_model=banked --calling_convention=xdata_reentrant
#        --place_constants=data_rom --nr_virtual_regs 16 -f "C:\Texas
#        Instruments\David\Projects\zstack\HomeAutomation\SampleSwitch\CC2530DB\..\..\..\Tools\CC2530DB\f8wEndev.cfg"
#        (-DCPU32MHZ -DROOT=__near_func -DMAC_CFG_TX_DATA_MAX=3
#        -DMAC_CFG_TX_MAX=6 -DMAC_CFG_RX_MAX=3) -f "C:\Texas
#        Instruments\David\Projects\zstack\HomeAutomation\SampleSwitch\CC2530DB\..\..\..\Tools\CC2530DB\f8wConfig.cfg"
#        (-DZIGBEEPRO -DSECURE=1 -DZG_SECURE_DYNAMIC=0 -DREFLECTOR
#        -DDEFAULT_CHANLIST=0x00000800 -DZDAPP_CONFIG_PAN_ID=0xFFFF
#        -DNWK_START_DELAY=100 -DEXTENDED_JOINING_RANDOM_MASK=0x007F
#        -DBEACON_REQUEST_DELAY=100 -DBEACON_REQ_DELAY_MASK=0x00FF
#        -DLINK_STATUS_JITTER_MASK=0x007F -DROUTE_EXPIRY_TIME=30
#        -DAPSC_ACK_WAIT_DURATION_POLLED=3000 -DNWK_INDIRECT_MSG_TIMEOUT=7
#        -DMAX_RREQ_ENTRIES=8 -DAPSC_MAX_FRAME_RETRIES=3
#        -DNWK_MAX_DATA_RETRIES=2 -DMAX_POLL_FAILURE_RETRIES=2 -DMAX_BCAST=9
#        -DAPS_MAX_GROUPS=16 -DMAX_RTG_ENTRIES=40 -DNWK_MAX_BINDING_ENTRIES=4
#        -DMAX_BINDING_CLUSTER_IDS=4 -DDEFAULT_KEY={0} -DMAC_MAX_FRAME_SIZE=116
#        -DZDNWKMGR_MIN_TRANSMISSIONS=20 "-DCONST=const __code"
#        -DGENERIC=__generic -DRFD_RCVC_ALWAYS_ON=FALSE -DPOLL_RATE=1000
#        -DQUEUED_POLL_RATE=100 -DRESPONSE_POLL_RATE=100 -DREJOIN_POLL_RATE=440
#        -DREJOIN_BACKOFF=900000 -DREJOIN_SCAN=900000 -DENABLE_LED4_DISABLE_S1)
#        -f "C:\Texas
#        Instruments\David\Projects\zstack\HomeAutomation\SampleSwitch\CC2530DB\..\..\..\Tools\CC2530DB\f8wZCL.cfg"
#        -I "C:\Texas
#        Instruments\David\Projects\zstack\HomeAutomation\SampleSwitch\CC2530DB\"
#        -I "C:\Texas
#        Instruments\David\Projects\zstack\HomeAutomation\SampleSwitch\CC2530DB\..\Source\"
#        -I "C:\Texas
#        Instruments\David\Projects\zstack\HomeAutomation\SampleSwitch\CC2530DB\..\..\Source\"
#        -I "C:\Texas
#        Instruments\David\Projects\zstack\HomeAutomation\SampleSwitch\CC2530DB\..\..\..\ZMain\TI2530DB\"
#        -I "C:\Texas
#        Instruments\David\Projects\zstack\HomeAutomation\SampleSwitch\CC2530DB\..\..\..\..\..\Components\hal\include\"
#        -I "C:\Texas
#        Instruments\David\Projects\zstack\HomeAutomation\SampleSwitch\CC2530DB\..\..\..\..\..\Components\hal\target\CC2530EB\"
#        -I "C:\Texas
#        Instruments\David\Projects\zstack\HomeAutomation\SampleSwitch\CC2530DB\..\..\..\..\..\Components\mac\include\"
#        -I "C:\Texas
#        Instruments\David\Projects\zstack\HomeAutomation\SampleSwitch\CC2530DB\..\..\..\..\..\Components\mac\high_level\"
#        -I "C:\Texas
#        Instruments\David\Projects\zstack\HomeAutomation\SampleSwitch\CC2530DB\..\..\..\..\..\Components\mac\low_level\srf04\"
#        -I "C:\Texas
#        Instruments\David\Projects\zstack\HomeAutomation\SampleSwitch\CC2530DB\..\..\..\..\..\Components\mac\low_level\srf04\single_chip\"
#        -I "C:\Texas
#        Instruments\David\Projects\zstack\HomeAutomation\SampleSwitch\CC2530DB\..\..\..\..\..\Components\mt\"
#        -I "C:\Texas
#        Instruments\David\Projects\zstack\HomeAutomation\SampleSwitch\CC2530DB\..\..\..\..\..\Components\osal\include\"
#        -I "C:\Texas
#        Instruments\David\Projects\zstack\HomeAutomation\SampleSwitch\CC2530DB\..\..\..\..\..\Components\services\saddr\"
#        -I "C:\Texas
#        Instruments\David\Projects\zstack\HomeAutomation\SampleSwitch\CC2530DB\..\..\..\..\..\Components\services\sdata\"
#        -I "C:\Texas
#        Instruments\David\Projects\zstack\HomeAutomation\SampleSwitch\CC2530DB\..\..\..\..\..\Components\stack\af\"
#        -I "C:\Texas
#        Instruments\David\Projects\zstack\HomeAutomation\SampleSwitch\CC2530DB\..\..\..\..\..\Components\stack\bdb\"
#        -I "C:\Texas
#        Instruments\David\Projects\zstack\HomeAutomation\SampleSwitch\CC2530DB\..\..\..\..\..\Components\stack\gp\"
#        -I "C:\Texas
#        Instruments\David\Projects\zstack\HomeAutomation\SampleSwitch\CC2530DB\..\..\..\..\..\Components\stack\nwk\"
#        -I "C:\Texas
#        Instruments\David\Projects\zstack\HomeAutomation\SampleSwitch\CC2530DB\..\..\..\..\..\Components\stack\sapi\"
#        -I "C:\Texas
#        Instruments\David\Projects\zstack\HomeAutomation\SampleSwitch\CC2530DB\..\..\..\..\..\Components\stack\sec\"
#        -I "C:\Texas
#        Instruments\David\Projects\zstack\HomeAutomation\SampleSwitch\CC2530DB\..\..\..\..\..\Components\stack\sys\"
#        -I "C:\Texas
#        Instruments\David\Projects\zstack\HomeAutomation\SampleSwitch\CC2530DB\..\..\..\..\..\Components\stack\zcl\"
#        -I "C:\Texas
#        Instruments\David\Projects\zstack\HomeAutomation\SampleSwitch\CC2530DB\..\..\..\..\..\Components\stack\zdo\"
#        -I "C:\Texas
#        Instruments\David\Projects\zstack\HomeAutomation\SampleSwitch\CC2530DB\..\..\..\..\..\Components\zmac\"
#        -I "C:\Texas
#        Instruments\David\Projects\zstack\HomeAutomation\SampleSwitch\CC2530DB\..\..\..\..\..\Components\zmac\f8w\"
#        -I "C:\Texas
#        Instruments\David\Projects\zstack\HomeAutomation\SampleSwitch\CC2530DB\..\..\..\..\..\Components\hal\target\CC2530EB\Common\"
#        -I "C:\Texas
#        Instruments\David\Projects\zstack\HomeAutomation\SampleSwitch\CC2530DB\..\..\..\..\..\Components\hal\target\CC2530EB\SPI\"
#        -I "C:\Texas
#        Instruments\David\Projects\zstack\HomeAutomation\SampleSwitch\CC2530DB\..\..\..\..\..\Components\hal\target\CC2530EB\HW_LCD\Font\"
#        -I "C:\Texas
#        Instruments\David\Projects\zstack\HomeAutomation\SampleSwitch\CC2530DB\..\..\..\..\..\Components\hal\target\CC2530EB\HW_LCD\HAL_LCD_SPI\"
#        -I "C:\Texas
#        Instruments\David\Projects\zstack\HomeAutomation\SampleSwitch\CC2530DB\..\..\..\..\..\Components\hal\target\CC2530EB\HW_LCD\HAL_OLED\"
#        -I "C:\Texas
#        Instruments\David\Projects\zstack\HomeAutomation\SampleSwitch\CC2530DB\..\..\..\..\..\Components\hal\target\CC2530EB\HW_LCD\HAL_TFT\"
#        -Ohz --require_prototypes)
#    Locale             =  Chinese (Traditional)_TWN.950
#    List file          =  
#        C:\Texas
#        Instruments\David\Projects\zstack\HomeAutomation\SampleSwitch\CC2530DB\EndDeviceEB\List\sw_spi.lst
#    Object file        =  
#        C:\Texas
#        Instruments\David\Projects\zstack\HomeAutomation\SampleSwitch\CC2530DB\EndDeviceEB\Obj\sw_spi.r51
#
###############################################################################

C:\Texas Instruments\David\Components\hal\target\CC2530EB\SPI\sw_spi.c
      1          #include "sw_spi.h"
      2          


 

 


Errors: none
Warnings: none
